app/build/intermediates/manifest_merge_blame_file/debug/manifest-merger-blame-debug-report.txt
1<?xml version="1.0" encoding="utf-8"?>
2<manifest xmlns:android="http://schemas.android.com/apk/res/android"
3    package="com.neurosky.mindwavemobiledemo"
4    android:versionCode="1"
5    android:versionName="1.0" >
6
7    <uses-sdk
7-->src\main\AndroidManifest.xml:7:5-47
8        android:minSdkVersion="21"
8-->src\main\AndroidManifest.xml:7:5-47
9        android:targetSdkVersion="28" />
9-->src\main\AndroidManifest.xml:7:15-44
10
11    <uses-permission android:name="android.permission.BLUETOOTH" />
11-->src\main\AndroidManifest.xml:9:5-68
11-->src\main\AndroidManifest.xml:9:22-65
12    <uses-permission android:name="android.permission.BLUETOOTH_ADMIN" />
12-->src\main\AndroidManifest.xml:10:5-74
12-->src\main\AndroidManifest.xml:10:22-71
13    <uses-permission android:name="android.permission.WRITE_EXTERNAL_STORAGE" />
13-->src\main\AndroidManifest.xml:11:5-81
13-->src\main\AndroidManifest.xml:11:22-78
14    <uses-permission android:name="android.permission.CAMERA" />
14-->src\main\AndroidManifest.xml:12:5-65
14-->src\main\AndroidManifest.xml:12:22-62
15
16    <uses-feature android:name="android.hardware.camera.flash" />
16-->src\main\AndroidManifest.xml:13:5-66
16-->src\main\AndroidManifest.xml:13:19-63
17
18    <uses-permission android:name="android.permission.MOUNT_FORMAT_FILESYSTEMS" />
18-->src\main\AndroidManifest.xml:14:5-83
18-->src\main\AndroidManifest.xml:14:22-80
19
20    <application
20-->src\main\AndroidManifest.xml:16:5-45:19
21        android:allowBackup="true"
21-->src\main\AndroidManifest.xml:17:9-35
22        android:appComponentFactory="android.support.v4.app.CoreComponentFactory"
22-->[com.android.support:support-compat:28.0.0] AndroidManifest.xml:22:18-91
23        android:debuggable="true"
24        android:icon="@mipmap/ic_launcher"
24-->src\main\AndroidManifest.xml:18:9-43
25        android:label="@string/app_name"
25-->src\main\AndroidManifest.xml:19:9-41
26        android:theme="@style/Theme.AppCompat.Light.NoActionBar" >
26-->src\main\AndroidManifest.xml:20:9-65
27        <activity android:name="com.neurosky.mindwavemobiledemo.TestAct" />
27-->src\main\AndroidManifest.xml:21:9-22:15
27-->src\main\AndroidManifest.xml:21:19-42
28        <activity
28-->src\main\AndroidManifest.xml:23:9-25:53
29            android:name="com.neurosky.mindwavemobiledemo.Customized"
29-->src\main\AndroidManifest.xml:24:13-39
30            android:screenOrientation="landscape" />
30-->src\main\AndroidManifest.xml:25:13-50
31        <activity
31-->src\main\AndroidManifest.xml:26:9-35:20
32            android:name="com.neurosky.mindwavemobiledemo.DemoActivity"
32-->src\main\AndroidManifest.xml:27:13-41
33            android:label="@string/app_name"
33-->src\main\AndroidManifest.xml:28:13-45
34            android:screenOrientation="portrait" >
34-->src\main\AndroidManifest.xml:29:13-49
35            <intent-filter>
35-->src\main\AndroidManifest.xml:30:13-34:29
36                <action android:name="android.intent.action.MAIN" />
36-->src\main\AndroidManifest.xml:31:17-69
36-->src\main\AndroidManifest.xml:31:25-66
37
38                <category android:name="android.intent.category.LAUNCHER" />
38-->src\main\AndroidManifest.xml:33:17-77
38-->src\main\AndroidManifest.xml:33:27-74
39            </intent-filter>
40        </activity>
41        <activity
41-->src\main\AndroidManifest.xml:36:9-38:53
42            android:name="com.neurosky.mindwavemobiledemo.BluetoothAdapterDemoActivity"
42-->src\main\AndroidManifest.xml:37:13-57
43            android:screenOrientation="landscape" />
43-->src\main\AndroidManifest.xml:38:13-50
44        <activity
44-->src\main\AndroidManifest.xml:39:9-41:53
45            android:name="com.neurosky.mindwavemobiledemo.BluetoothDeviceDemoActivity"
45-->src\main\AndroidManifest.xml:40:13-56
46            android:screenOrientation="landscape" />
46-->src\main\AndroidManifest.xml:41:13-50
47        <activity
47-->src\main\AndroidManifest.xml:42:9-44:53
48            android:name="com.neurosky.mindwavemobiledemo.FileDemoActivity"
48-->src\main\AndroidManifest.xml:43:13-45
49            android:screenOrientation="landscape" />
49-->src\main\AndroidManifest.xml:44:13-50
50    </application>
51
52</manifest>